{"total": {"lines":{"total":473,"covered":244,"skipped":0,"pct":51.58},"statements":{"total":492,"covered":254,"skipped":0,"pct":51.62},"functions":{"total":139,"covered":59,"skipped":0,"pct":42.44},"branches":{"total":244,"covered":121,"skipped":0,"pct":49.59},"branchesTrue":{"total":0,"covered":0,"skipped":0,"pct":100}}
,"D:\\git\\aws\\weegym\\src\\App.jsx": {"lines":{"total":14,"covered":0,"skipped":0,"pct":0},"functions":{"total":7,"covered":0,"skipped":0,"pct":0},"statements":{"total":16,"covered":0,"skipped":0,"pct":0},"branches":{"total":4,"covered":0,"skipped":0,"pct":0}}
,"D:\\git\\aws\\weegym\\src\\components\\Toast.jsx": {"lines":{"total":7,"covered":6,"skipped":0,"pct":85.71},"functions":{"total":4,"covered":3,"skipped":0,"pct":75},"statements":{"total":8,"covered":7,"skipped":0,"pct":87.5},"branches":{"total":2,"covered":2,"skipped":0,"pct":100}}
,"D:\\git\\aws\\weegym\\src\\hooks\\useSettings.js": {"lines":{"total":49,"covered":48,"skipped":0,"pct":97.95},"functions":{"total":7,"covered":7,"skipped":0,"pct":100},"statements":{"total":50,"covered":49,"skipped":0,"pct":98},"branches":{"total":8,"covered":6,"skipped":0,"pct":75}}
,"D:\\git\\aws\\weegym\\src\\lib\\database.js": {"lines":{"total":47,"covered":0,"skipped":0,"pct":0},"functions":{"total":9,"covered":0,"skipped":0,"pct":0},"statements":{"total":49,"covered":0,"skipped":0,"pct":0},"branches":{"total":24,"covered":0,"skipped":0,"pct":0}}
,"D:\\git\\aws\\weegym\\src\\pages\\ActiveWellbeing.jsx": {"lines":{"total":105,"covered":71,"skipped":0,"pct":67.61},"functions":{"total":37,"covered":25,"skipped":0,"pct":67.56},"statements":{"total":113,"covered":77,"skipped":0,"pct":68.14},"branches":{"total":71,"covered":45,"skipped":0,"pct":63.38}}
,"D:\\git\\aws\\weegym\\src\\pages\\Dashboard.jsx": {"lines":{"total":35,"covered":22,"skipped":0,"pct":62.85},"functions":{"total":6,"covered":3,"skipped":0,"pct":50},"statements":{"total":35,"covered":22,"skipped":0,"pct":62.85},"branches":{"total":26,"covered":13,"skipped":0,"pct":50}}
,"D:\\git\\aws\\weegym\\src\\pages\\History.jsx": {"lines":{"total":40,"covered":18,"skipped":0,"pct":45},"functions":{"total":13,"covered":4,"skipped":0,"pct":30.76},"statements":{"total":40,"covered":18,"skipped":0,"pct":45},"branches":{"total":14,"covered":6,"skipped":0,"pct":42.85}}
,"D:\\git\\aws\\weegym\\src\\pages\\Programme.jsx": {"lines":{"total":4,"covered":4,"skipped":0,"pct":100},"functions":{"total":3,"covered":3,"skipped":0,"pct":100},"statements":{"total":4,"covered":4,"skipped":0,"pct":100},"branches":{"total":0,"covered":0,"skipped":0,"pct":100}}
,"D:\\git\\aws\\weegym\\src\\pages\\Settings.jsx": {"lines":{"total":44,"covered":12,"skipped":0,"pct":27.27},"functions":{"total":23,"covered":2,"skipped":0,"pct":8.69},"statements":{"total":46,"covered":12,"skipped":0,"pct":26.08},"branches":{"total":18,"covered":9,"skipped":0,"pct":50}}
,"D:\\git\\aws\\weegym\\src\\pages\\WorkoutSession.jsx": {"lines":{"total":102,"covered":41,"skipped":0,"pct":40.19},"functions":{"total":23,"covered":8,"skipped":0,"pct":34.78},"statements":{"total":105,"covered":43,"skipped":0,"pct":40.95},"branches":{"total":60,"covered":23,"skipped":0,"pct":38.33}}
,"D:\\git\\aws\\weegym\\src\\services\\settingsService.js": {"lines":{"total":4,"covered":0,"skipped":0,"pct":0},"functions":{"total":3,"covered":0,"skipped":0,"pct":0},"statements":{"total":4,"covered":0,"skipped":0,"pct":0},"branches":{"total":0,"covered":0,"skipped":0,"pct":100}}
,"D:\\git\\aws\\weegym\\src\\utils\\settingsValidation.js": {"lines":{"total":22,"covered":22,"skipped":0,"pct":100},"functions":{"total":4,"covered":4,"skipped":0,"pct":100},"statements":{"total":22,"covered":22,"skipped":0,"pct":100},"branches":{"total":17,"covered":17,"skipped":0,"pct":100}}
}
